0 verbose cli C:\Program Files\nodejs\node.exe C:\Program Files\nodejs\node_modules\npm\bin\npm-cli.js
1 info using npm@11.9.0
2 info using node@v24.14.0
3 silly config load:file:E:\app\nvm\nvm\v24.14.0\node_modules\npm\npmrc
4 silly config load:file:C:\Users\Lenovo\Documents\理解他人\.npmrc
5 silly config load:file:C:\Users\Lenovo\.npmrc
6 silly config load:file:E:\npm\node_global\etc\npmrc
7 verbose title npm install @supabase/supabase-js
8 verbose argv "install" "@supabase/supabase-js"
9 verbose logfile logs-max:10 dir:C:\Users\Lenovo\Documents\理解他人\.npm-cache\_logs\2026-07-19T03_29_02_673Z-
10 verbose logfile C:\Users\Lenovo\Documents\理解他人\.npm-cache\_logs\2026-07-19T03_29_02_673Z-debug-0.log
11 silly logfile done cleaning log files
12 silly packumentCache heap:4496293888 maxSize:1124073472 maxEntrySize:562036736
13 silly idealTree buildDeps
14 silly fetch manifest @supabase/supabase-js@*
15 silly packumentCache full:https://registry.npmmirror.com/@supabase%2fsupabase-js cache-miss
16 http fetch GET 200 https://registry.npmmirror.com/@supabase%2fsupabase-js 260ms (cache miss)
17 silly packumentCache full:https://registry.npmmirror.com/@supabase%2fsupabase-js set size:450561 disposed:false
18 silly placeDep ROOT @supabase/supabase-js@2.110.7 OK for: understand-others@0.1.0 want: *
19 silly fetch manifest @supabase/auth-js@2.110.7
20 silly packumentCache full:https://registry.npmmirror.com/@supabase%2fauth-js cache-miss
21 silly fetch manifest @supabase/postgrest-js@2.110.7
22 silly packumentCache full:https://registry.npmmirror.com/@supabase%2fpostgrest-js cache-miss
23 silly fetch manifest @supabase/storage-js@2.110.7
24 silly packumentCache full:https://registry.npmmirror.com/@supabase%2fstorage-js cache-miss
25 silly fetch manifest @supabase/realtime-js@2.110.7
26 silly packumentCache full:https://registry.npmmirror.com/@supabase%2frealtime-js cache-miss
27 silly fetch manifest @supabase/functions-js@2.110.7
28 silly packumentCache full:https://registry.npmmirror.com/@supabase%2ffunctions-js cache-miss
29 http fetch GET 200 https://registry.npmmirror.com/@supabase%2fauth-js 75ms (cache miss)
30 silly packumentCache full:https://registry.npmmirror.com/@supabase%2fauth-js set size:195337 disposed:false
31 http fetch GET 200 https://registry.npmmirror.com/@supabase%2fpostgrest-js 190ms (cache miss)
32 silly packumentCache full:https://registry.npmmirror.com/@supabase%2fpostgrest-js set size:240482 disposed:false
33 http fetch GET 200 https://registry.npmmirror.com/@supabase%2ffunctions-js 220ms (cache miss)
34 silly packumentCache full:https://registry.npmmirror.com/@supabase%2ffunctions-js set size:169760 disposed:false
35 http fetch GET 200 https://registry.npmmirror.com/@supabase%2fstorage-js 243ms (cache miss)
36 silly packumentCache full:https://registry.npmmirror.com/@supabase%2fstorage-js set size:205405 disposed:false
37 http fetch GET 200 https://registry.npmmirror.com/@supabase%2frealtime-js 254ms (cache miss)
38 silly packumentCache full:https://registry.npmmirror.com/@supabase%2frealtime-js set size:250963 disposed:false
39 silly placeDep ROOT @supabase/auth-js@2.110.7 OK for: @supabase/supabase-js@2.110.7 want: 2.110.7
40 silly placeDep ROOT @supabase/functions-js@2.110.7 OK for: @supabase/supabase-js@2.110.7 want: 2.110.7
41 silly placeDep ROOT @supabase/postgrest-js@2.110.7 OK for: @supabase/supabase-js@2.110.7 want: 2.110.7
42 silly placeDep ROOT @supabase/realtime-js@2.110.7 OK for: @supabase/supabase-js@2.110.7 want: 2.110.7
43 silly placeDep ROOT @supabase/storage-js@2.110.7 OK for: @supabase/supabase-js@2.110.7 want: 2.110.7
44 silly fetch manifest @supabase/phoenix@0.4.5
45 silly packumentCache full:https://registry.npmmirror.com/@supabase%2fphoenix cache-miss
46 silly fetch manifest iceberg-js@^0.8.1
47 silly packumentCache full:https://registry.npmmirror.com/iceberg-js cache-miss
48 http fetch GET 200 https://registry.npmmirror.com/iceberg-js 57ms (cache miss)
49 silly packumentCache full:https://registry.npmmirror.com/iceberg-js set size:12878 disposed:false
50 http fetch GET 200 https://registry.npmmirror.com/@supabase%2fphoenix 64ms (cache miss)
51 silly packumentCache full:https://registry.npmmirror.com/@supabase%2fphoenix set size:7193 disposed:false
52 silly placeDep ROOT @supabase/phoenix@0.4.5 OK for: @supabase/realtime-js@2.110.7 want: 0.4.5
53 silly placeDep ROOT iceberg-js@0.8.1 OK for: @supabase/storage-js@2.110.7 want: ^0.8.1
54 silly reify moves {}
55 silly audit bulk request {
55 silly audit   '@alloc/quick-lru': [ '5.2.0' ],
55 silly audit   '@emnapi/core': [ '1.10.0' ],
55 silly audit   '@emnapi/runtime': [ '1.10.0' ],
55 silly audit   '@emnapi/wasi-threads': [ '1.2.1' ],
55 silly audit   '@eslint-community/eslint-utils': [ '4.9.1' ],
55 silly audit   '@eslint-community/regexpp': [ '4.12.2' ],
55 silly audit   '@eslint/eslintrc': [ '2.1.4' ],
55 silly audit   '@eslint/js': [ '8.57.1' ],
55 silly audit   '@humanwhocodes/config-array': [ '0.13.0' ],
55 silly audit   '@humanwhocodes/module-importer': [ '1.0.1' ],
55 silly audit   '@humanwhocodes/object-schema': [ '2.0.3' ],
55 silly audit   '@isaacs/cliui': [ '8.0.2' ],
55 silly audit   'ansi-regex': [ '6.2.2', '5.0.1' ],
55 silly audit   'strip-ansi': [ '7.2.0', '6.0.1' ],
55 silly audit   '@jridgewell/gen-mapping': [ '0.3.13' ],
55 silly audit   '@jridgewell/resolve-uri': [ '3.1.2' ],
55 silly audit   '@jridgewell/sourcemap-codec': [ '1.5.5' ],
55 silly audit   '@jridgewell/trace-mapping': [ '0.3.31' ],
55 silly audit   '@napi-rs/wasm-runtime': [ '1.1.6' ],
55 silly audit   '@next/env': [ '14.2.35' ],
55 silly audit   '@next/eslint-plugin-next': [ '14.2.35' ],
55 silly audit   '@next/swc-darwin-arm64': [ '14.2.33' ],
55 silly audit   '@next/swc-darwin-x64': [ '14.2.33' ],
55 silly audit   '@next/swc-linux-arm64-gnu': [ '14.2.33' ],
55 silly audit   '@next/swc-linux-arm64-musl': [ '14.2.33' ],
55 silly audit   '@next/swc-linux-x64-gnu': [ '14.2.33' ],
55 silly audit   '@next/swc-linux-x64-musl': [ '14.2.33' ],
55 silly audit   '@next/swc-win32-arm64-msvc': [ '14.2.33' ],
55 silly audit   '@next/swc-win32-ia32-msvc': [ '14.2.33' ],
55 silly audit   '@next/swc-win32-x64-msvc': [ '14.2.33' ],
55 silly audit   '@nodelib/fs.scandir': [ '2.1.5' ],
55 silly audit   '@nodelib/fs.stat': [ '2.0.5' ],
55 silly audit   '@nodelib/fs.walk': [ '1.2.8' ],
55 silly audit   '@nolyfill/is-core-module': [ '1.0.39' ],
55 silly audit   '@pkgjs/parseargs': [ '0.11.0' ],
55 silly audit   '@rtsao/scc': [ '1.1.0' ],
55 silly audit   '@rushstack/eslint-patch': [ '1.16.1' ],
55 silly audit   '@swc/counter': [ '0.1.3' ],
55 silly audit   '@swc/helpers': [ '0.5.5' ],
55 silly audit   '@tybys/wasm-util': [ '0.10.3' ],
55 silly audit   '@types/json5': [ '0.0.29' ],
55 silly audit   '@types/node': [ '20.19.43' ],
55 silly audit   '@types/prop-types': [ '15.7.15' ],
55 silly audit   '@types/react': [ '18.3.31' ],
55 silly audit   '@types/react-dom': [ '18.3.7' ],
55 silly audit   '@typescript-eslint/eslint-plugin': [ '8.64.0' ],
55 silly audit   ignore: [ '7.0.6', '5.3.2' ],
55 silly audit   '@typescript-eslint/parser': [ '8.64.0' ],
55 silly audit   '@typescript-eslint/project-service': [ '8.64.0' ],
55 silly audit   '@typescript-eslint/scope-manager': [ '8.64.0' ],
55 silly audit   '@typescript-eslint/tsconfig-utils': [ '8.64.0' ],
55 silly audit   '@typescript-eslint/type-utils': [ '8.64.0' ],
55 silly audit   '@typescript-eslint/types': [ '8.64.0' ],
55 silly audit   '@typescript-eslint/typescript-estree': [ '8.64.0' ],
55 silly audit   'balanced-match': [ '4.0.4', '1.0.2' ],
55 silly audit   'brace-expansion': [ '5.0.7', '1.1.16', '2.1.2' ],
55 silly audit   minimatch: [ '10.2.5', '9.0.9', '3.1.5' ],
55 silly audit   '@typescript-eslint/utils': [ '8.64.0' ],
55 silly audit   '@typescript-eslint/visitor-keys': [ '8.64.0' ],
55 silly audit   'eslint-visitor-keys': [ '5.0.1', '3.4.3' ],
55 silly audit   '@ungap/structured-clone': [ '1.3.3' ],
55 silly audit   '@unrs/resolver-binding-android-arm-eabi': [ '1.12.2' ],
55 silly audit   '@unrs/resolver-binding-android-arm64': [ '1.12.2' ],
55 silly audit   '@unrs/resolver-binding-darwin-arm64': [ '1.12.2' ],
55 silly audit   '@unrs/resolver-binding-darwin-x64': [ '1.12.2' ],
55 silly audit   '@unrs/resolver-binding-freebsd-x64': [ '1.12.2' ],
55 silly audit   '@unrs/resolver-binding-linux-arm-gnueabihf': [ '1.12.2' ],
55 silly audit   '@unrs/resolver-binding-linux-arm-musleabihf': [ '1.12.2' ],
55 silly audit   '@unrs/resolver-binding-linux-arm64-gnu': [ '1.12.2' ],
55 silly audit   '@unrs/resolver-binding-linux-arm64-musl': [ '1.12.2' ],
55 silly audit   '@unrs/resolver-binding-linux-loong64-gnu': [ '1.12.2' ],
55 silly audit   '@unrs/resolver-binding-linux-loong64-musl': [ '1.12.2' ],
55 silly audit   '@unrs/resolver-binding-linux-ppc64-gnu': [ '1.12.2' ],
55 silly audit   '@unrs/resolver-binding-linux-riscv64-gnu': [ '1.12.2' ],
55 silly audit   '@unrs/resolver-binding-linux-riscv64-musl': [ '1.12.2' ],
55 silly audit   '@unrs/resolver-binding-linux-s390x-gnu': [ '1.12.2' ],
55 silly audit   '@unrs/resolver-binding-linux-x64-gnu': [ '1.12.2' ],
55 silly audit   '@unrs/resolver-binding-linux-x64-musl': [ '1.12.2' ],
55 silly audit   '@unrs/resolver-binding-openharmony-arm64': [ '1.12.2' ],
55 silly audit   '@unrs/resolver-binding-wasm32-wasi': [ '1.12.2' ],
55 silly audit   '@unrs/resolver-binding-win32-arm64-msvc': [ '1.12.2' ],
55 silly audit   '@unrs/resolver-binding-win32-ia32-msvc': [ '1.12.2' ],
55 silly audit   '@unrs/resolver-binding-win32-x64-msvc': [ '1.12.2' ],
55 silly audit   acorn: [ '8.17.0' ],
55 silly audit   'acorn-jsx': [ '5.3.2' ],
55 silly audit   ajv: [ '6.15.0' ],
55 silly audit   'ansi-styles': [ '4.3.0', '6.2.3' ],
55 silly audit   'any-promise': [ '1.3.0' ],
55 silly audit   anymatch: [ '3.1.3' ],
55 silly audit   arg: [ '5.0.2' ],
55 silly audit   argparse: [ '2.0.1' ],
55 silly audit   'aria-query': [ '5.3.2' ],
55 silly audit   'array-buffer-byte-length': [ '1.0.2' ],
55 silly audit   'array-includes': [ '3.1.9' ],
55 silly audit   'array.prototype.findlast': [ '1.2.5' ],
55 silly audit   'array.prototype.findlastindex': [ '1.2.6' ],
55 silly audit   'array.prototype.flat': [ '1.3.3' ],
55 silly audit   'array.prototype.flatmap': [ '1.3.3' ],
55 silly audit   'array.prototype.tosorted': [ '1.1.4' ],
55 silly audit   'arraybuffer.prototype.slice': [ '1.0.4' ],
55 silly audit   'ast-types-flow': [ '0.0.8' ],
55 silly audit   'async-function': [ '1.0.0' ],
55 silly audit   autoprefixer: [ '10.5.4' ],
55 silly audit   'available-typed-arrays': [ '1.0.7' ],
55 silly audit   'axe-core': [ '4.12.1' ],
55 silly audit   'axobject-query': [ '4.1.0' ],
55 silly audit   'baseline-browser-mapping': [ '2.10.43' ],
55 silly audit   'binary-extensions': [ '2.3.0' ],
55 silly audit   braces: [ '3.0.3' ],
55 silly audit   browserslist: [ '4.28.6' ],
55 silly audit   busboy: [ '1.6.0' ],
55 silly audit   'call-bind': [ '1.0.9' ],
55 silly audit   'call-bind-apply-helpers': [ '1.0.2' ],
55 silly audit   'call-bound': [ '1.0.4' ],
55 silly audit   callsites: [ '3.1.0' ],
55 silly audit   'camelcase-css': [ '2.0.1' ],
55 silly audit   'caniuse-lite': [ '1.0.30001806' ],
55 silly audit   chalk: [ '4.1.2' ],
55 silly audit   chokidar: [ '3.6.0' ],
55 silly audit   'glob-parent': [ '5.1.2', '6.0.2' ],
55 silly audit   'client-only': [ '0.0.1' ],
55 silly audit   'color-convert': [ '2.0.1' ],
55 silly audit   'color-name': [ '1.1.4' ],
55 silly audit   commander: [ '4.1.1' ],
55 silly audit   'concat-map': [ '0.0.1' ],
55 silly audit   'cross-spawn': [ '7.0.6' ],
55 silly audit   cssesc: [ '3.0.0' ],
55 silly audit   csstype: [ '3.2.3' ],
55 silly audit   'damerau-levenshtein': [ '1.0.8' ],
55 silly audit   'data-view-buffer': [ '1.0.2' ],
55 silly audit   'data-view-byte-length': [ '1.0.2' ],
55 silly audit   'data-view-byte-offset': [ '1.0.1' ],
55 silly audit   debug: [ '4.4.3', '3.2.7' ],
55 silly audit   'deep-is': [ '0.1.4' ],
55 silly audit   'define-data-property': [ '1.1.4' ],
55 silly audit   'define-properties': [ '1.2.1' ],
55 silly audit   didyoumean: [ '1.2.2' ],
55 silly audit   dlv: [ '1.1.3' ],
55 silly audit   doctrine: [ '3.0.0', '2.1.0' ],
55 silly audit   'dunder-proto': [ '1.0.1' ],
55 silly audit   eastasianwidth: [ '0.2.0' ],
55 silly audit   'electron-to-chromium': [ '1.5.393' ],
55 silly audit   'emoji-regex': [ '9.2.2', '8.0.0' ],
55 silly audit   'es-abstract': [ '1.24.2' ],
55 silly audit   'es-abstract-get': [ '1.0.0' ],
55 silly audit   'es-define-property': [ '1.0.1' ],
55 silly audit   'es-errors': [ '1.3.0' ],
55 silly audit   'es-iterator-helpers': [ '1.4.0' ],
55 silly audit   'es-object-atoms': [ '1.1.2' ],
55 silly audit   'es-set-tostringtag': [ '2.1.0' ],
55 silly audit   'es-shim-unscopables': [ '1.1.0' ],
55 silly audit   'es-to-primitive': [ '1.3.4' ],
55 silly audit   escalade: [ '3.2.0' ],
55 silly audit   'escape-string-regexp': [ '4.0.0' ],
55 silly audit   eslint: [ '8.57.1' ],
55 silly audit   'eslint-config-next': [ '14.2.35' ],
55 silly audit   'eslint-import-resolver-node': [ '0.3.10' ],
55 silly audit   'eslint-import-resolver-typescript': [ '3.10.1' ],
55 silly audit   'eslint-module-utils': [ '2.14.0' ],
55 silly audit   'eslint-plugin-import': [ '2.32.0' ],
55 silly audit   semver: [ '6.3.1', '7.8.5' ],
55 silly audit   'eslint-plugin-jsx-a11y': [ '6.10.2' ],
55 silly audit   'eslint-plugin-react': [ '7.37.5' ],
55 silly audit   'eslint-plugin-react-hooks': [ '5.0.0-canary-7118f5dd7-20230705' ],
55 silly audit   'eslint-scope': [ '7.2.2' ],
55 silly audit   espree: [ '9.6.1' ],
55 silly audit   esquery: [ '1.7.0' ],
55 silly audit   esrecurse: [ '4.3.0' ],
55 silly audit   estraverse: [ '5.3.0' ],
55 silly audit   esutils: [ '2.0.3' ],
55 silly audit   'fast-deep-equal': [ '3.1.3' ],
55 silly audit   'fast-glob': [ '3.3.3' ],
55 silly audit   'fast-json-stable-stringify': [ '2.1.0' ],
55 silly audit   'fast-levenshtein': [ '2.0.6' ],
55 silly audit   fastq: [ '1.20.1' ],
55 silly audit   'file-entry-cache': [ '6.0.1' ],
55 silly audit   'fill-range': [ '7.1.1' ],
55 silly audit   'find-up': [ '5.0.0' ],
55 silly audit   'flat-cache': [ '3.2.0' ],
55 silly audit   flatted: [ '3.4.2' ],
55 silly audit   'for-each': [ '0.3.5' ],
55 silly audit   'foreground-child': [ '3.3.1' ],
55 silly audit   'fraction.js': [ '5.3.4' ],
55 silly audit   'fs.realpath': [ '1.0.0' ],
55 silly audit   fsevents: [ '2.3.3' ],
55 silly audit   'function-bind': [ '1.1.2' ],
55 silly audit   'function.prototype.name': [ '1.2.0' ],
55 silly audit   'functions-have-names': [ '1.2.3' ],
55 silly audit   'generator-function': [ '2.0.1' ],
55 silly audit   'get-intrinsic': [ '1.3.0' ],
55 silly audit   'get-proto': [ '1.0.1' ],
55 silly audit   'get-symbol-description': [ '1.1.0' ],
55 silly audit   'get-tsconfig': [ '4.14.0' ],
55 silly audit   glob: [ '10.3.10', '7.2.3' ],
55 silly audit   globals: [ '13.24.0' ],
55 silly audit   globalthis: [ '1.0.4' ],
55 silly audit   gopd: [ '1.2.0' ],
55 silly audit   'graceful-fs': [ '4.2.11' ],
55 silly audit   graphemer: [ '1.4.0' ],
55 silly audit   'has-bigints': [ '1.1.0' ],
55 silly audit   'has-flag': [ '4.0.0' ],
55 silly audit   'has-property-descriptors': [ '1.0.2' ],
55 silly audit   'has-proto': [ '1.2.0' ],
55 silly audit   'has-symbols': [ '1.1.0' ],
55 silly audit   'has-tostringtag': [ '1.0.2' ],
55 silly audit   hasown: [ '2.0.4' ],
55 silly audit   'import-fresh': [ '3.3.1' ],
55 silly audit   imurmurhash: [ '0.1.4' ],
55 silly audit   inflight: [ '1.0.6' ],
55 silly audit   inherits: [ '2.0.4' ],
55 silly audit   'internal-slot': [ '1.1.0' ],
55 silly audit   'is-array-buffer': [ '3.0.5' ],
55 silly audit   'is-async-function': [ '2.1.1' ],
55 silly audit   'is-bigint': [ '1.1.0' ],
55 silly audit   'is-binary-path': [ '2.1.0' ],
55 silly audit   'is-boolean-object': [ '1.2.2' ],
55 silly audit   'is-bun-module': [ '2.0.0' ],
55 silly audit   'is-callable': [ '1.2.7' ],
55 silly audit   'is-core-module': [ '2.16.2' ],
55 silly audit   'is-data-view': [ '1.0.2' ],
55 silly audit   'is-date-object': [ '1.1.0' ],
55 silly audit   'is-document.all': [ '1.0.0' ],
55 silly audit   'is-extglob': [ '2.1.1' ],
55 silly audit   'is-finalizationregistry': [ '1.1.1' ],
55 silly audit   'is-fullwidth-code-point': [ '3.0.0' ],
55 silly audit   'is-generator-function': [ '1.1.2' ],
55 silly audit   'is-glob': [ '4.0.3' ],
55 silly audit   'is-map': [ '2.0.3' ],
55 silly audit   'is-negative-zero': [ '2.0.3' ],
55 silly audit   'is-number': [ '7.0.0' ],
55 silly audit   'is-number-object': [ '1.1.1' ],
55 silly audit   'is-path-inside': [ '3.0.3' ],
55 silly audit   'is-regex': [ '1.2.1' ],
55 silly audit   'is-set': [ '2.0.3' ],
55 silly audit   'is-shared-array-buffer': [ '1.0.4' ],
55 silly audit   'is-string': [ '1.1.1' ],
55 silly audit   'is-symbol': [ '1.1.1' ],
55 silly audit   'is-typed-array': [ '1.1.15' ],
55 silly audit   'is-weakmap': [ '2.0.2' ],
55 silly audit   'is-weakref': [ '1.1.1' ],
55 silly audit   'is-weakset': [ '2.0.4' ],
55 silly audit   isarray: [ '2.0.5' ],
55 silly audit   isexe: [ '2.0.0' ],
55 silly audit   'iterator.prototype': [ '1.1.5' ],
55 silly audit   jackspeak: [ '2.3.6' ],
55 silly audit   jiti: [ '1.21.7' ],
55 silly audit   'js-tokens': [ '4.0.0' ],
55 silly audit   'js-yaml': [ '4.3.0' ],
55 silly audit   'json-buffer': [ '3.0.1' ],
55 silly audit   'json-schema-traverse': [ '0.4.1' ],
55 silly audit   'json-stable-stringify-without-jsonify': [ '1.0.1' ],
55 silly audit   json5: [ '1.0.2' ],
55 silly audit   'jsx-ast-utils': [ '3.3.5' ],
55 silly audit   keyv: [ '4.5.4' ],
55 silly audit   'language-subtag-registry': [ '0.3.23' ],
55 silly audit   'language-tags': [ '1.0.9' ],
55 silly audit   levn: [ '0.4.1' ],
55 silly audit   lilconfig: [ '3.1.3' ],
55 silly audit   'lines-and-columns': [ '1.2.4' ],
55 silly audit   'locate-path': [ '6.0.0' ],
55 silly audit   'lodash.merge': [ '4.6.2' ],
55 silly audit   'loose-envify': [ '1.4.0' ],
55 silly audit   'lru-cache': [ '10.4.3' ],
55 silly audit   'math-intrinsics': [ '1.1.0' ],
55 silly audit   merge2: [ '1.4.1' ],
55 silly audit   micromatch: [ '4.0.8' ],
55 silly audit   minimist: [ '1.2.8' ],
55 silly audit   minipass: [ '7.1.3' ],
55 silly audit   ms: [ '2.1.3' ],
55 silly audit   mz: [ '2.7.0' ],
55 silly audit   nanoid: [ '3.3.16' ],
55 silly audit   'napi-postinstall': [ '0.3.4' ],
55 silly audit   'natural-compare': [ '1.4.0' ],
55 silly audit   next: [ '14.2.35' ],
55 silly audit   postcss: [ '8.4.31', '8.5.19' ],
55 silly audit   'node-exports-info': [ '1.6.2' ],
55 silly audit   'node-releases': [ '2.0.51' ],
55 silly audit   'normalize-path': [ '3.0.0' ],
55 silly audit   'object-assign': [ '4.1.1' ],
55 silly audit   'object-hash': [ '3.0.0' ],
55 silly audit   'object-inspect': [ '1.13.4' ],
55 silly audit   'object-keys': [ '1.1.1' ],
55 silly audit   'object.assign': [ '4.1.7' ],
55 silly audit   'object.entries': [ '1.1.9' ],
55 silly audit   'object.fromentries': [ '2.0.8' ],
55 silly audit   'object.groupby': [ '1.0.3' ],
55 silly audit   'object.values': [ '1.2.1' ],
55 silly audit   once: [ '1.4.0' ],
55 silly audit   optionator: [ '0.9.4' ],
55 silly audit   'own-keys': [ '1.0.1' ],
55 silly audit   'p-limit': [ '3.1.0' ],
55 silly audit   'p-locate': [ '5.0.0' ],
55 silly audit   'parent-module': [ '1.0.1' ],
55 silly audit   'path-exists': [ '4.0.0' ],
55 silly audit   'path-is-absolute': [ '1.0.1' ],
55 silly audit   'path-key': [ '3.1.1' ],
55 silly audit   'path-parse': [ '1.0.7' ],
55 silly audit   'path-scurry': [ '1.11.1' ],
55 silly audit   picocolors: [ '1.1.1' ],
55 silly audit   picomatch: [ '2.3.2', '4.0.5' ],
55 silly audit   pify: [ '2.3.0' ],
55 silly audit   pirates: [ '4.0.7' ],
55 silly audit   'possible-typed-array-names': [ '1.1.0' ],
55 silly audit   'postcss-import': [ '15.1.0' ],
55 silly audit   resolve: [ '1.22.12', '2.0.0-next.7' ],
55 silly audit   'postcss-js': [ '4.1.0' ],
55 silly audit   'postcss-load-config': [ '6.0.1' ],
55 silly audit   'postcss-nested': [ '6.2.0' ],
55 silly audit   'postcss-selector-parser': [ '6.1.4' ],
55 silly audit   'postcss-value-parser': [ '4.2.0' ],
55 silly audit   'prelude-ls': [ '1.2.1' ],
55 silly audit   'prop-types': [ '15.8.1' ],
55 silly audit   punycode: [ '2.3.1' ],
55 silly audit   'queue-microtask': [ '1.2.3' ],
55 silly audit   react: [ '18.3.1' ],
55 silly audit   'react-dom': [ '18.3.1' ],
55 silly audit   'react-is': [ '16.13.1' ],
55 silly audit   'read-cache': [ '1.0.0' ],
55 silly audit   readdirp: [ '3.6.0' ],
55 silly audit   'reflect.getprototypeof': [ '1.0.10' ],
55 silly audit   'regexp.prototype.flags': [ '1.5.4' ],
55 silly audit   'resolve-from': [ '4.0.0' ],
55 silly audit   'resolve-pkg-maps': [ '1.0.0' ],
55 silly audit   reusify: [ '1.1.0' ],
55 silly audit   rimraf: [ '3.0.2' ],
55 silly audit   'run-parallel': [ '1.2.0' ],
55 silly audit   'safe-array-concat': [ '1.1.4' ],
55 silly audit   'safe-push-apply': [ '1.0.0' ],
55 silly audit   'safe-regex-test': [ '1.1.0' ],
55 silly audit   scheduler: [ '0.23.2' ],
55 silly audit   'set-function-length': [ '1.2.2' ],
55 silly audit   'set-function-name': [ '2.0.2' ],
55 silly audit   'set-proto': [ '1.0.0' ],
55 silly audit   'shebang-command': [ '2.0.0' ],
55 silly audit   'shebang-regex': [ '3.0.0' ],
55 silly audit   'side-channel': [ '1.1.1' ],
55 silly audit   'side-channel-list': [ '1.0.1' ],
55 silly audit   'side-channel-map': [ '1.0.1' ],
55 silly audit   'side-channel-weakmap': [ '1.0.2' ],
55 silly audit   'signal-exit': [ '4.1.0' ],
55 silly audit   'source-map-js': [ '1.2.1' ],
55 silly audit   'stable-hash': [ '0.0.5' ],
55 silly audit   'stop-iteration-iterator': [ '1.1.0' ],
55 silly audit   streamsearch: [ '1.1.0' ],
55 silly audit   'string-width': [ '5.1.2', '4.2.3' ],
55 silly audit   'string.prototype.includes': [ '2.0.1' ],
55 silly audit   'string.prototype.matchall': [ '4.0.12' ],
55 silly audit   'string.prototype.repeat': [ '1.0.0' ],
55 silly audit   'string.prototype.trim': [ '1.2.11' ],
55 silly audit   'string.prototype.trimend': [ '1.0.10' ],
55 silly audit   'string.prototype.trimstart': [ '1.0.8' ],
55 silly audit   'strip-bom': [ '3.0.0' ],
55 silly audit   'strip-json-comments': [ '3.1.1' ],
55 silly audit   'styled-jsx': [ '5.1.1' ],
55 silly audit   sucrase: [ '3.35.1' ],
55 silly audit   'supports-color': [ '7.2.0' ],
55 silly audit   'supports-preserve-symlinks-flag': [ '1.0.0' ],
55 silly audit   tailwindcss: [ '3.4.19' ],
55 silly audit   'text-table': [ '0.2.0' ],
55 silly audit   thenify: [ '3.3.1' ],
55 silly audit   'thenify-all': [ '1.6.0' ],
55 silly audit   tinyglobby: [ '0.2.17' ],
55 silly audit   fdir: [ '6.5.0' ],
55 silly audit   'to-regex-range': [ '5.0.1' ],
55 silly audit   'ts-api-utils': [ '2.5.0' ],
55 silly audit   'ts-interface-checker': [ '0.1.13' ],
55 silly audit   'tsconfig-paths': [ '3.15.0' ],
55 silly audit   tslib: [ '2.8.1' ],
55 silly audit   'type-check': [ '0.4.0' ],
55 silly audit   'type-fest': [ '0.20.2' ],
55 silly audit   'typed-array-buffer': [ '1.0.3' ],
55 silly audit   'typed-array-byte-length': [ '1.0.3' ],
55 silly audit   'typed-array-byte-offset': [ '1.0.4' ],
55 silly audit   'typed-array-length': [ '1.0.8' ],
55 silly audit   typescript: [ '5.9.3' ],
55 silly audit   'unbox-primitive': [ '1.1.0' ],
55 silly audit   'undici-types': [ '6.21.0' ],
55 silly audit   'unrs-resolver': [ '1.12.2' ],
55 silly audit   'update-browserslist-db': [ '1.2.3' ],
55 silly audit   'uri-js': [ '4.4.1' ],
55 silly audit   'util-deprecate': [ '1.0.2' ],
55 silly audit   which: [ '2.0.2' ],
55 silly audit   'which-boxed-primitive': [ '1.1.1' ],
55 silly audit   'which-builtin-type': [ '1.2.1' ],
55 silly audit   'which-collection': [ '1.0.2' ],
55 silly audit   'which-typed-array': [ '1.1.22' ],
55 silly audit   'word-wrap': [ '1.2.5' ],
55 silly audit   'wrap-ansi': [ '8.1.0', '7.0.0' ],
55 silly audit   wrappy: [ '1.0.2' ],
55 silly audit   'yocto-queue': [ '0.1.0' ],
55 silly audit   '@supabase/supabase-js': [ '2.110.7' ],
55 silly audit   '@supabase/auth-js': [ '2.110.7' ],
55 silly audit   '@supabase/functions-js': [ '2.110.7' ],
55 silly audit   '@supabase/postgrest-js': [ '2.110.7' ],
55 silly audit   '@supabase/realtime-js': [ '2.110.7' ],
55 silly audit   '@supabase/storage-js': [ '2.110.7' ],
55 silly audit   '@supabase/phoenix': [ '0.4.5' ],
55 silly audit   'iceberg-js': [ '0.8.1' ]
55 silly audit }
56 http cache iceberg-js@https://registry.npmmirror.com/iceberg-js/-/iceberg-js-0.8.1.tgz 0ms (cache hit)
57 http cache @supabase/phoenix@https://registry.npmmirror.com/@supabase/phoenix/-/phoenix-0.4.5.tgz 0ms (cache hit)
58 http cache @supabase/storage-js@https://registry.npmmirror.com/@supabase/storage-js/-/storage-js-2.110.7.tgz 0ms (cache hit)
59 http cache @supabase/functions-js@https://registry.npmmirror.com/@supabase/functions-js/-/functions-js-2.110.7.tgz 0ms (cache hit)
60 http cache @supabase/realtime-js@https://registry.npmmirror.com/@supabase/realtime-js/-/realtime-js-2.110.7.tgz 0ms (cache hit)
61 silly tarball no local data for iceberg-js@https://registry.npmmirror.com/iceberg-js/-/iceberg-js-0.8.1.tgz. Extracting by manifest.
62 silly tarball no local data for @supabase/phoenix@https://registry.npmmirror.com/@supabase/phoenix/-/phoenix-0.4.5.tgz. Extracting by manifest.
63 silly tarball no local data for @supabase/storage-js@https://registry.npmmirror.com/@supabase/storage-js/-/storage-js-2.110.7.tgz. Extracting by manifest.
64 silly tarball no local data for @supabase/functions-js@https://registry.npmmirror.com/@supabase/functions-js/-/functions-js-2.110.7.tgz. Extracting by manifest.
65 silly tarball no local data for @supabase/realtime-js@https://registry.npmmirror.com/@supabase/realtime-js/-/realtime-js-2.110.7.tgz. Extracting by manifest.
66 http cache @supabase/postgrest-js@https://registry.npmmirror.com/@supabase/postgrest-js/-/postgrest-js-2.110.7.tgz 0ms (cache hit)
67 http cache @supabase/auth-js@https://registry.npmmirror.com/@supabase/auth-js/-/auth-js-2.110.7.tgz 0ms (cache hit)
68 http cache @supabase/supabase-js@https://registry.npmmirror.com/@supabase/supabase-js/-/supabase-js-2.110.7.tgz 0ms (cache hit)
69 silly tarball no local data for @supabase/postgrest-js@https://registry.npmmirror.com/@supabase/postgrest-js/-/postgrest-js-2.110.7.tgz. Extracting by manifest.
70 silly tarball no local data for @supabase/auth-js@https://registry.npmmirror.com/@supabase/auth-js/-/auth-js-2.110.7.tgz. Extracting by manifest.
71 silly tarball no local data for @supabase/supabase-js@https://registry.npmmirror.com/@supabase/supabase-js/-/supabase-js-2.110.7.tgz. Extracting by manifest.
72 http fetch POST 404 https://registry.npmmirror.com/-/npm/v1/security/advisories/bulk 29ms
73 verbose audit error HttpErrorGeneral: 404 Not Found - POST https://registry.npmmirror.com/-/npm/v1/security/advisories/bulk - [NOT_IMPLEMENTED] /-/npm/v1/security/* not implemented yet
73 verbose audit error     at E:\app\nvm\nvm\v24.14.0\node_modules\npm\node_modules\npm-registry-fetch\lib\check-response.js:103:15
73 verbose audit error     at process.processTicksAndRejections (node:internal/process/task_queues:104:5)
73 verbose audit error     at async #getReport (E:\app\nvm\nvm\v24.14.0\node_modules\npm\node_modules\@npmcli\arborist\lib\audit-report.js:275:19)
73 verbose audit error     at async AuditReport.run (E:\app\nvm\nvm\v24.14.0\node_modules\npm\node_modules\@npmcli\arborist\lib\audit-report.js:100:19) {
73 verbose audit error   headers: [Object: null prototype] {
73 verbose audit error     server: [ 'Tengine' ],
73 verbose audit error     date: [ 'Sun, 19 Jul 2026 03:29:01 GMT' ],
73 verbose audit error     'content-type': [ 'application/json' ],
73 verbose audit error     'transfer-encoding': [ 'chunked' ],
73 verbose audit error     connection: [ 'keep-alive' ],
73 verbose audit error     'strict-transport-security': [ 'max-age=5184000' ],
73 verbose audit error     via: [ 'kunlun5.cn5256[,404666]' ],
73 verbose audit error     'timing-allow-origin': [ '*' ],
73 verbose audit error     eagleid: [ '6f1f422317844317415424275e' ],
73 verbose audit error     'x-fetch-attempts': [ '1' ]
73 verbose audit error   },
73 verbose audit error   statusCode: 404,
73 verbose audit error   code: 'E404',
73 verbose audit error   method: 'POST',
73 verbose audit error   uri: 'https://registry.npmmirror.com/-/npm/v1/security/advisories/bulk',
73 verbose audit error   body: {
73 verbose audit error     error: '[NOT_IMPLEMENTED] /-/npm/v1/security/* not implemented yet'
73 verbose audit error   },
73 verbose audit error   pkgid: undefined
73 verbose audit error }
74 silly audit error [object Object]
75 silly audit report null
76 http fetch GET 200 https://cdn.npmmirror.com/packages/iceberg-js/0.8.1/iceberg-js-0.8.1.tgz 258ms (cache miss)
77 http fetch GET 200 https://cdn.npmmirror.com/packages/%40supabase/storage-js/2.110.7/storage-js-2.110.7.tgz 346ms (cache miss)
78 http fetch GET 200 https://cdn.npmmirror.com/packages/%40supabase/supabase-js/2.110.7/supabase-js-2.110.7.tgz 344ms (cache miss)
79 http fetch GET 200 https://cdn.npmmirror.com/packages/%40supabase/functions-js/2.110.7/functions-js-2.110.7.tgz 375ms (cache miss)
80 http fetch GET 200 https://cdn.npmmirror.com/packages/%40supabase/phoenix/0.4.5/phoenix-0.4.5.tgz 380ms (cache miss)
81 http fetch GET 200 https://cdn.npmmirror.com/packages/%40supabase/postgrest-js/2.110.7/postgrest-js-2.110.7.tgz 384ms (cache miss)
82 http fetch GET 200 https://cdn.npmmirror.com/packages/%40supabase/realtime-js/2.110.7/realtime-js-2.110.7.tgz 571ms (cache miss)
83 http fetch GET 200 https://cdn.npmmirror.com/packages/%40supabase/auth-js/2.110.7/auth-js-2.110.7.tgz 644ms (cache miss)
84 silly ADD node_modules/iceberg-js
85 silly ADD node_modules/@supabase/phoenix
86 silly ADD node_modules/@supabase/storage-js
87 silly ADD node_modules/@supabase/realtime-js
88 silly ADD node_modules/@supabase/postgrest-js
89 silly ADD node_modules/@supabase/functions-js
90 silly ADD node_modules/@supabase/auth-js
91 silly ADD node_modules/@supabase/supabase-js
92 verbose cwd C:\Users\Lenovo\Documents\理解他人
93 verbose os Windows_NT 10.0.26220
94 verbose node v24.14.0
95 verbose npm  v11.9.0
96 verbose exit 0
97 info ok
